0 info it worked if it ends with ok
1 verbose cli [ 'node', '/usr/local/bin/npm', 'i', '--save', 'os' ]
2 info using npm@2.1.6
3 info using node@v0.10.33
4 verbose node symlink /usr/local/bin/node
5 warn package.json detect-ssid@1.0.0 No repository field.
6 warn package.json detect-ssid@1.0.0 No README data
7 silly cache add args [ 'os', null ]
8 verbose cache add spec os
9 silly cache add parsed spec { raw: 'os',
9 silly cache add   scope: null,
9 silly cache add   name: 'os',
9 silly cache add   rawSpec: '',
9 silly cache add   spec: '*',
9 silly cache add   type: 'range' }
10 verbose addNamed os@*
11 silly addNamed semver.valid null
12 silly addNamed semver.validRange *
13 silly addNameRange { name: 'os', range: '*', hasData: false }
14 verbose mapToRegistry name os
15 verbose mapToRegistry uri https://registry.npmjs.org/os
16 verbose addNameRange registry:https://registry.npmjs.org/os not in flight; fetching
17 verbose request on initialization, where is /os
18 verbose request after pass 1, where is /os
19 verbose request url raw /os
20 verbose request resolving registry [ 'https://registry.npmjs.org/', './os' ]
21 verbose request after pass 2, where is https://registry.npmjs.org/os
22 verbose request no auth needed
23 info attempt registry request try #1 at 22:11:21
24 verbose request id 13c7cc51ab44aebf
25 http request GET https://registry.npmjs.org/os
26 info retry will retry, error on last attempt: Error: getaddrinfo ENOTFOUND
27 info attempt registry request try #2 at 22:12:01
28 http request GET https://registry.npmjs.org/os
29 info retry will retry, error on last attempt: Error: getaddrinfo ENOTFOUND
30 info attempt registry request try #3 at 22:13:31
31 http request GET https://registry.npmjs.org/os
32 http 404 https://registry.npmjs.org/os
33 silly registry.get cb [ 404,
33 silly registry.get   { 'content-type': 'application/json',
33 silly registry.get     'cache-control': 'max-age=0',
33 silly registry.get     'content-length': '2',
33 silly registry.get     'accept-ranges': 'bytes',
33 silly registry.get     date: 'Wed, 09 Sep 2015 20:13:59 GMT',
33 silly registry.get     via: '1.1 varnish',
33 silly registry.get     age: '0',
33 silly registry.get     connection: 'keep-alive',
33 silly registry.get     'x-served-by': 'cache-lhr6326-LHR',
33 silly registry.get     'x-cache': 'MISS',
33 silly registry.get     'x-cache-hits': '0',
33 silly registry.get     'x-timer': 'S1441829638.696968,VS0,VE653' } ]
34 verbose stack Error: Not Found
34 verbose stack     at errorResponse (/usr/local/lib/node_modules/npm/lib/cache/add-named.js:269:10)
34 verbose stack     at setData (/usr/local/lib/node_modules/npm/lib/cache/add-named.js:212:12)
34 verbose stack     at RES (/usr/local/lib/node_modules/npm/node_modules/inflight/inflight.js:23:14)
34 verbose stack     at f (/usr/local/lib/node_modules/npm/node_modules/once/once.js:17:25)
34 verbose stack     at saved (/usr/local/lib/node_modules/npm/node_modules/npm-registry-client/lib/get.js:167:7)
34 verbose stack     at Object.oncomplete (fs.js:107:15)
35 verbose statusCode 404
36 verbose pkgid os
37 verbose cwd /Users/cedric/Documents/DonkeyCode/Clients/03_WEINTAIR/detect-ssid
38 error Darwin 14.5.0
39 error argv "node" "/usr/local/bin/npm" "i" "--save" "os"
40 error node v0.10.33
41 error npm  v2.1.6
42 error code E404
43 error 404 Not Found
43 error 404
43 error 404 'os' is not in the npm registry.
43 error 404 You should bug the author to publish it (or use the name yourself!)
43 error 404 It was specified as a dependency of 'detect-ssid'
43 error 404
43 error 404 Note that you can also install from a
43 error 404 tarball, folder, http url, or git url.
44 verbose exit [ 1, true ]
